{"/Users/goddessngozi/Desktop/ToDoList/src/modules/todolist.js": {"path":"/Users/goddessngozi/Desktop/ToDoList/src/modules/todolist.js","statementMap":{"0":{"start":{"line":3,"column":18},"end":{"line":3,"column":65}},"1":{"start":{"line":4,"column":4},"end":{"line":4,"column":17}},"2":{"start":{"line":8,"column":18},"end":{"line":8,"column":37}},"3":{"start":{"line":9,"column":4},"end":{"line":9,"column":21}},"4":{"start":{"line":10,"column":4},"end":{"line":10,"column":57}},"5":{"start":{"line":13,"column":20},"end":{"line":21,"column":3}},"6":{"start":{"line":14,"column":18},"end":{"line":14,"column":65}},"7":{"start":{"line":15,"column":4},"end":{"line":20,"column":7}},"8":{"start":{"line":16,"column":6},"end":{"line":19,"column":7}},"9":{"start":{"line":17,"column":8},"end":{"line":17,"column":38}},"10":{"start":{"line":18,"column":8},"end":{"line":18,"column":61}},"11":{"start":{"line":23,"column":24},"end":{"line":45,"column":3}},"12":{"start":{"line":24,"column":4},"end":{"line":44,"column":5}},"13":{"start":{"line":25,"column":6},"end":{"line":25,"column":48}},"14":{"start":{"line":26,"column":6},"end":{"line":26,"column":24}},"15":{"start":{"line":27,"column":20},"end":{"line":27,"column":67}},"16":{"start":{"line":28,"column":6},"end":{"line":33,"column":9}},"17":{"start":{"line":29,"column":8},"end":{"line":32,"column":9}},"18":{"start":{"line":30,"column":10},"end":{"line":30,"column":32}},"19":{"start":{"line":31,"column":10},"end":{"line":31,"column":63}},"20":{"start":{"line":35,"column":6},"end":{"line":35,"column":51}},"21":{"start":{"line":36,"column":6},"end":{"line":36,"column":25}},"22":{"start":{"line":37,"column":20},"end":{"line":37,"column":67}},"23":{"start":{"line":38,"column":6},"end":{"line":43,"column":9}},"24":{"start":{"line":39,"column":8},"end":{"line":42,"column":9}},"25":{"start":{"line":40,"column":10},"end":{"line":40,"column":33}},"26":{"start":{"line":41,"column":10},"end":{"line":41,"column":63}},"27":{"start":{"line":47,"column":23},"end":{"line":96,"column":3}},"28":{"start":{"line":48,"column":17},"end":{"line":48,"column":48}},"29":{"start":{"line":49,"column":15},"end":{"line":49,"column":43}},"30":{"start":{"line":50,"column":16},"end":{"line":50,"column":47}},"31":{"start":{"line":51,"column":4},"end":{"line":51,"column":33}},"32":{"start":{"line":52,"column":4},"end":{"line":52,"column":41}},"33":{"start":{"line":53,"column":4},"end":{"line":53,"column":43}},"34":{"start":{"line":54,"column":22},"end":{"line":54,"column":53}},"35":{"start":{"line":55,"column":4},"end":{"line":55,"column":42}},"36":{"start":{"line":56,"column":4},"end":{"line":56,"column":43}},"37":{"start":{"line":57,"column":4},"end":{"line":57,"column":54}},"38":{"start":{"line":59,"column":17},"end":{"line":59,"column":44}},"39":{"start":{"line":60,"column":4},"end":{"line":60,"column":61}},"40":{"start":{"line":61,"column":21},"end":{"line":61,"column":48}},"41":{"start":{"line":62,"column":4},"end":{"line":62,"column":44}},"42":{"start":{"line":63,"column":4},"end":{"line":63,"column":64}},"43":{"start":{"line":64,"column":4},"end":{"line":64,"column":31}},"44":{"start":{"line":65,"column":4},"end":{"line":65,"column":46}},"45":{"start":{"line":66,"column":4},"end":{"line":66,"column":25}},"46":{"start":{"line":68,"column":4},"end":{"line":70,"column":7}},"47":{"start":{"line":69,"column":6},"end":{"line":69,"column":36}},"48":{"start":{"line":72,"column":18},"end":{"line":72,"column":58}},"49":{"start":{"line":73,"column":4},"end":{"line":88,"column":7}},"50":{"start":{"line":74,"column":6},"end":{"line":78,"column":9}},"51":{"start":{"line":75,"column":8},"end":{"line":75,"column":56}},"52":{"start":{"line":76,"column":8},"end":{"line":76,"column":61}},"53":{"start":{"line":77,"column":8},"end":{"line":77,"column":48}},"54":{"start":{"line":79,"column":6},"end":{"line":83,"column":9}},"55":{"start":{"line":80,"column":8},"end":{"line":80,"column":56}},"56":{"start":{"line":81,"column":8},"end":{"line":81,"column":60}},"57":{"start":{"line":82,"column":8},"end":{"line":82,"column":49}},"58":{"start":{"line":84,"column":6},"end":{"line":87,"column":9}},"59":{"start":{"line":85,"column":8},"end":{"line":85,"column":56}},"60":{"start":{"line":86,"column":8},"end":{"line":86,"column":40}},"61":{"start":{"line":90,"column":21},"end":{"line":90,"column":58}},"62":{"start":{"line":91,"column":4},"end":{"line":95,"column":7}},"63":{"start":{"line":92,"column":6},"end":{"line":94,"column":9}},"64":{"start":{"line":93,"column":8},"end":{"line":93,"column":45}},"65":{"start":{"line":98,"column":24},"end":{"line":101,"column":3}},"66":{"start":{"line":99,"column":18},"end":{"line":99,"column":65}},"67":{"start":{"line":100,"column":4},"end":{"line":100,"column":56}},"68":{"start":{"line":100,"column":28},"end":{"line":100,"column":54}},"69":{"start":{"line":103,"column":21},"end":{"line":107,"column":3}},"70":{"start":{"line":104,"column":17},"end":{"line":104,"column":48}},"71":{"start":{"line":105,"column":4},"end":{"line":105,"column":24}},"72":{"start":{"line":106,"column":4},"end":{"line":106,"column":28}},"73":{"start":{"line":109,"column":23},"end":{"line":122,"column":3}},"74":{"start":{"line":110,"column":18},"end":{"line":110,"column":37}},"75":{"start":{"line":111,"column":4},"end":{"line":121,"column":7}},"76":{"start":{"line":112,"column":6},"end":{"line":120,"column":7}},"77":{"start":{"line":113,"column":25},"end":{"line":113,"column":62}},"78":{"start":{"line":114,"column":8},"end":{"line":119,"column":11}},"79":{"start":{"line":115,"column":10},"end":{"line":118,"column":11}},"80":{"start":{"line":116,"column":12},"end":{"line":116,"column":54}},"81":{"start":{"line":117,"column":12},"end":{"line":117,"column":33}},"82":{"start":{"line":124,"column":22},"end":{"line":133,"column":3}},"83":{"start":{"line":125,"column":16},"end":{"line":125,"column":63}},"84":{"start":{"line":126,"column":4},"end":{"line":126,"column":64}},"85":{"start":{"line":126,"column":35},"end":{"line":126,"column":62}},"86":{"start":{"line":127,"column":4},"end":{"line":129,"column":7}},"87":{"start":{"line":128,"column":6},"end":{"line":128,"column":25}},"88":{"start":{"line":130,"column":4},"end":{"line":130,"column":57}},"89":{"start":{"line":131,"column":4},"end":{"line":131,"column":25}},"90":{"start":{"line":132,"column":4},"end":{"line":132,"column":27}},"91":{"start":{"line":135,"column":26},"end":{"line":149,"column":3}},"92":{"start":{"line":136,"column":21},"end":{"line":136,"column":58}},"93":{"start":{"line":137,"column":4},"end":{"line":141,"column":7}},"94":{"start":{"line":138,"column":6},"end":{"line":140,"column":7}},"95":{"start":{"line":139,"column":8},"end":{"line":139,"column":37}},"96":{"start":{"line":142,"column":16},"end":{"line":142,"column":35}},"97":{"start":{"line":143,"column":4},"end":{"line":143,"column":60}},"98":{"start":{"line":143,"column":35},"end":{"line":143,"column":58}},"99":{"start":{"line":144,"column":4},"end":{"line":146,"column":7}},"100":{"start":{"line":145,"column":6},"end":{"line":145,"column":25}},"101":{"start":{"line":147,"column":4},"end":{"line":147,"column":57}},"102":{"start":{"line":148,"column":4},"end":{"line":148,"column":25}}},"fnMap":{"0":{"name":"(anonymous_0)","decl":{"start":{"line":2,"column":2},"end":{"line":2,"column":3}},"loc":{"start":{"line":2,"column":20},"end":{"line":5,"column":3}},"line":2},"1":{"name":"(anonymous_1)","decl":{"start":{"line":7,"column":2},"end":{"line":7,"column":3}},"loc":{"start":{"line":7,"column":23},"end":{"line":11,"column":3}},"line":7},"2":{"name":"(anonymous_2)","decl":{"start":{"line":13,"column":20},"end":{"line":13,"column":21}},"loc":{"start":{"line":13,"column":38},"end":{"line":21,"column":3}},"line":13},"3":{"name":"(anonymous_3)","decl":{"start":{"line":15,"column":18},"end":{"line":15,"column":19}},"loc":{"start":{"line":15,"column":35},"end":{"line":20,"column":5}},"line":15},"4":{"name":"(anonymous_4)","decl":{"start":{"line":23,"column":24},"end":{"line":23,"column":25}},"loc":{"start":{"line":23,"column":43},"end":{"line":45,"column":3}},"line":23},"5":{"name":"(anonymous_5)","decl":{"start":{"line":28,"column":20},"end":{"line":28,"column":21}},"loc":{"start":{"line":28,"column":37},"end":{"line":33,"column":7}},"line":28},"6":{"name":"(anonymous_6)","decl":{"start":{"line":38,"column":20},"end":{"line":38,"column":21}},"loc":{"start":{"line":38,"column":37},"end":{"line":43,"column":7}},"line":38},"7":{"name":"(anonymous_7)","decl":{"start":{"line":47,"column":23},"end":{"line":47,"column":24}},"loc":{"start":{"line":47,"column":33},"end":{"line":96,"column":3}},"line":47},"8":{"name":"(anonymous_8)","decl":{"start":{"line":68,"column":43},"end":{"line":68,"column":44}},"loc":{"start":{"line":68,"column":49},"end":{"line":70,"column":5}},"line":68},"9":{"name":"(anonymous_9)","decl":{"start":{"line":73,"column":18},"end":{"line":73,"column":19}},"loc":{"start":{"line":73,"column":36},"end":{"line":88,"column":5}},"line":73},"10":{"name":"(anonymous_10)","decl":{"start":{"line":74,"column":37},"end":{"line":74,"column":38}},"loc":{"start":{"line":74,"column":43},"end":{"line":78,"column":7}},"line":74},"11":{"name":"(anonymous_11)","decl":{"start":{"line":79,"column":40},"end":{"line":79,"column":41}},"loc":{"start":{"line":79,"column":46},"end":{"line":83,"column":7}},"line":79},"12":{"name":"(anonymous_12)","decl":{"start":{"line":84,"column":37},"end":{"line":84,"column":38}},"loc":{"start":{"line":84,"column":43},"end":{"line":87,"column":7}},"line":84},"13":{"name":"(anonymous_13)","decl":{"start":{"line":91,"column":21},"end":{"line":91,"column":22}},"loc":{"start":{"line":91,"column":40},"end":{"line":95,"column":5}},"line":91},"14":{"name":"(anonymous_14)","decl":{"start":{"line":92,"column":39},"end":{"line":92,"column":40}},"loc":{"start":{"line":92,"column":45},"end":{"line":94,"column":7}},"line":92},"15":{"name":"(anonymous_15)","decl":{"start":{"line":98,"column":24},"end":{"line":98,"column":25}},"loc":{"start":{"line":98,"column":30},"end":{"line":101,"column":3}},"line":98},"16":{"name":"(anonymous_16)","decl":{"start":{"line":100,"column":18},"end":{"line":100,"column":19}},"loc":{"start":{"line":100,"column":28},"end":{"line":100,"column":54}},"line":100},"17":{"name":"(anonymous_17)","decl":{"start":{"line":103,"column":21},"end":{"line":103,"column":22}},"loc":{"start":{"line":103,"column":27},"end":{"line":107,"column":3}},"line":103},"18":{"name":"(anonymous_18)","decl":{"start":{"line":109,"column":23},"end":{"line":109,"column":24}},"loc":{"start":{"line":109,"column":29},"end":{"line":122,"column":3}},"line":109},"19":{"name":"(anonymous_19)","decl":{"start":{"line":111,"column":18},"end":{"line":111,"column":19}},"loc":{"start":{"line":111,"column":35},"end":{"line":121,"column":5}},"line":111},"20":{"name":"(anonymous_20)","decl":{"start":{"line":114,"column":25},"end":{"line":114,"column":26}},"loc":{"start":{"line":114,"column":44},"end":{"line":119,"column":9}},"line":114},"21":{"name":"(anonymous_21)","decl":{"start":{"line":124,"column":22},"end":{"line":124,"column":23}},"loc":{"start":{"line":124,"column":36},"end":{"line":133,"column":3}},"line":124},"22":{"name":"(anonymous_22)","decl":{"start":{"line":126,"column":25},"end":{"line":126,"column":26}},"loc":{"start":{"line":126,"column":35},"end":{"line":126,"column":62}},"line":126},"23":{"name":"(anonymous_23)","decl":{"start":{"line":127,"column":18},"end":{"line":127,"column":19}},"loc":{"start":{"line":127,"column":35},"end":{"line":129,"column":5}},"line":127},"24":{"name":"(anonymous_24)","decl":{"start":{"line":135,"column":26},"end":{"line":135,"column":27}},"loc":{"start":{"line":135,"column":32},"end":{"line":149,"column":3}},"line":135},"25":{"name":"(anonymous_25)","decl":{"start":{"line":137,"column":21},"end":{"line":137,"column":22}},"loc":{"start":{"line":137,"column":32},"end":{"line":141,"column":5}},"line":137},"26":{"name":"(anonymous_26)","decl":{"start":{"line":143,"column":25},"end":{"line":143,"column":26}},"loc":{"start":{"line":143,"column":35},"end":{"line":143,"column":58}},"line":143},"27":{"name":"(anonymous_27)","decl":{"start":{"line":144,"column":18},"end":{"line":144,"column":19}},"loc":{"start":{"line":144,"column":35},"end":{"line":146,"column":5}},"line":144}},"branchMap":{"0":{"loc":{"start":{"line":3,"column":18},"end":{"line":3,"column":65}},"type":"binary-expr","locations":[{"start":{"line":3,"column":18},"end":{"line":3,"column":59}},{"start":{"line":3,"column":63},"end":{"line":3,"column":65}}],"line":3},"1":{"loc":{"start":{"line":14,"column":18},"end":{"line":14,"column":65}},"type":"binary-expr","locations":[{"start":{"line":14,"column":18},"end":{"line":14,"column":59}},{"start":{"line":14,"column":63},"end":{"line":14,"column":65}}],"line":14},"2":{"loc":{"start":{"line":16,"column":6},"end":{"line":19,"column":7}},"type":"if","locations":[{"start":{"line":16,"column":6},"end":{"line":19,"column":7}},{"start":{},"end":{}}],"line":16},"3":{"loc":{"start":{"line":24,"column":4},"end":{"line":44,"column":5}},"type":"if","locations":[{"start":{"line":24,"column":4},"end":{"line":44,"column":5}},{"start":{"line":34,"column":11},"end":{"line":44,"column":5}}],"line":24},"4":{"loc":{"start":{"line":27,"column":20},"end":{"line":27,"column":67}},"type":"binary-expr","locations":[{"start":{"line":27,"column":20},"end":{"line":27,"column":61}},{"start":{"line":27,"column":65},"end":{"line":27,"column":67}}],"line":27},"5":{"loc":{"start":{"line":29,"column":8},"end":{"line":32,"column":9}},"type":"if","locations":[{"start":{"line":29,"column":8},"end":{"line":32,"column":9}},{"start":{},"end":{}}],"line":29},"6":{"loc":{"start":{"line":37,"column":20},"end":{"line":37,"column":67}},"type":"binary-expr","locations":[{"start":{"line":37,"column":20},"end":{"line":37,"column":61}},{"start":{"line":37,"column":65},"end":{"line":37,"column":67}}],"line":37},"7":{"loc":{"start":{"line":39,"column":8},"end":{"line":42,"column":9}},"type":"if","locations":[{"start":{"line":39,"column":8},"end":{"line":42,"column":9}},{"start":{},"end":{}}],"line":39},"8":{"loc":{"start":{"line":99,"column":18},"end":{"line":99,"column":65}},"type":"binary-expr","locations":[{"start":{"line":99,"column":18},"end":{"line":99,"column":59}},{"start":{"line":99,"column":63},"end":{"line":99,"column":65}}],"line":99},"9":{"loc":{"start":{"line":112,"column":6},"end":{"line":120,"column":7}},"type":"if","locations":[{"start":{"line":112,"column":6},"end":{"line":120,"column":7}},{"start":{},"end":{}}],"line":112},"10":{"loc":{"start":{"line":115,"column":10},"end":{"line":118,"column":11}},"type":"if","locations":[{"start":{"line":115,"column":10},"end":{"line":118,"column":11}},{"start":{},"end":{}}],"line":115},"11":{"loc":{"start":{"line":125,"column":16},"end":{"line":125,"column":63}},"type":"binary-expr","locations":[{"start":{"line":125,"column":16},"end":{"line":125,"column":57}},{"start":{"line":125,"column":61},"end":{"line":125,"column":63}}],"line":125},"12":{"loc":{"start":{"line":138,"column":6},"end":{"line":140,"column":7}},"type":"if","locations":[{"start":{"line":138,"column":6},"end":{"line":140,"column":7}},{"start":{},"end":{}}],"line":138}},"s":{"0":11,"1":11,"2":6,"3":6,"4":6,"5":1,"6":1,"7":1,"8":2,"9":1,"10":1,"11":1,"12":1,"13":1,"14":1,"15":1,"16":1,"17":4,"18":1,"19":1,"20":0,"21":0,"22":0,"23":0,"24":0,"25":0,"26":0,"27":1,"28":4,"29":4,"30":4,"31":4,"32":4,"33":4,"34":4,"35":4,"36":4,"37":4,"38":4,"39":4,"40":4,"41":4,"42":4,"43":4,"44":4,"45":4,"46":4,"47":0,"48":4,"49":4,"50":5,"51":0,"52":0,"53":0,"54":5,"55":0,"56":0,"57":0,"58":5,"59":0,"60":0,"61":4,"62":4,"63":5,"64":0,"65":1,"66":2,"67":2,"68":1,"69":1,"70":2,"71":2,"72":2,"73":1,"74":1,"75":1,"76":0,"77":0,"78":0,"79":0,"80":0,"81":0,"82":1,"83":1,"84":1,"85":1,"86":1,"87":0,"88":1,"89":1,"90":1,"91":1,"92":1,"93":1,"94":2,"95":1,"96":1,"97":1,"98":2,"99":1,"100":1,"101":1,"102":1},"f":{"0":11,"1":6,"2":1,"3":2,"4":1,"5":4,"6":0,"7":4,"8":0,"9":5,"10":0,"11":0,"12":0,"13":5,"14":0,"15":2,"16":1,"17":2,"18":1,"19":0,"20":0,"21":1,"22":1,"23":0,"24":1,"25":2,"26":2,"27":1},"b":{"0":[11,1],"1":[1,0],"2":[1,1],"3":[1,0],"4":[1,0],"5":[1,3],"6":[0,0],"7":[0,0],"8":[2,0],"9":[0,0],"10":[0,0],"11":[1,0],"12":[1,1]},"_coverageSchema":"1a1c01bbd47fc00a2c39e90264f33305004495a9","hash":"ffafb02bd32ee182f21d720fa6c134153d0958a8"}
}
