{"C:\\apps\\front_end_master_challenges\\Microverse\\testing\\ToDoList\\src\\modules\\todolist.js": {"path":"C:\\apps\\front_end_master_challenges\\Microverse\\testing\\ToDoList\\src\\modules\\todolist.js","statementMap":{"0":{"start":{"line":3,"column":18},"end":{"line":3,"column":65}},"1":{"start":{"line":4,"column":4},"end":{"line":4,"column":17}},"2":{"start":{"line":8,"column":18},"end":{"line":8,"column":37}},"3":{"start":{"line":9,"column":4},"end":{"line":9,"column":21}},"4":{"start":{"line":10,"column":4},"end":{"line":10,"column":57}},"5":{"start":{"line":13,"column":25},"end":{"line":88,"column":5}},"6":{"start":{"line":14,"column":19},"end":{"line":14,"column":50}},"7":{"start":{"line":15,"column":17},"end":{"line":15,"column":45}},"8":{"start":{"line":16,"column":18},"end":{"line":16,"column":49}},"9":{"start":{"line":17,"column":6},"end":{"line":17,"column":35}},"10":{"start":{"line":18,"column":6},"end":{"line":18,"column":43}},"11":{"start":{"line":19,"column":6},"end":{"line":19,"column":45}},"12":{"start":{"line":20,"column":24},"end":{"line":20,"column":55}},"13":{"start":{"line":21,"column":6},"end":{"line":21,"column":44}},"14":{"start":{"line":22,"column":6},"end":{"line":22,"column":45}},"15":{"start":{"line":23,"column":6},"end":{"line":23,"column":56}},"16":{"start":{"line":24,"column":6},"end":{"line":24,"column":47}},"17":{"start":{"line":25,"column":19},"end":{"line":25,"column":46}},"18":{"start":{"line":26,"column":6},"end":{"line":26,"column":63}},"19":{"start":{"line":27,"column":23},"end":{"line":27,"column":50}},"20":{"start":{"line":28,"column":6},"end":{"line":28,"column":46}},"21":{"start":{"line":29,"column":6},"end":{"line":29,"column":66}},"22":{"start":{"line":30,"column":6},"end":{"line":30,"column":33}},"23":{"start":{"line":31,"column":6},"end":{"line":31,"column":48}},"24":{"start":{"line":32,"column":6},"end":{"line":32,"column":27}},"25":{"start":{"line":34,"column":6},"end":{"line":36,"column":9}},"26":{"start":{"line":35,"column":8},"end":{"line":35,"column":38}},"27":{"start":{"line":38,"column":20},"end":{"line":38,"column":60}},"28":{"start":{"line":39,"column":6},"end":{"line":60,"column":9}},"29":{"start":{"line":40,"column":8},"end":{"line":44,"column":11}},"30":{"start":{"line":41,"column":10},"end":{"line":41,"column":58}},"31":{"start":{"line":42,"column":10},"end":{"line":42,"column":63}},"32":{"start":{"line":43,"column":10},"end":{"line":43,"column":50}},"33":{"start":{"line":45,"column":8},"end":{"line":49,"column":11}},"34":{"start":{"line":46,"column":10},"end":{"line":46,"column":58}},"35":{"start":{"line":47,"column":10},"end":{"line":47,"column":62}},"36":{"start":{"line":48,"column":10},"end":{"line":48,"column":51}},"37":{"start":{"line":50,"column":8},"end":{"line":59,"column":11}},"38":{"start":{"line":51,"column":10},"end":{"line":51,"column":58}},"39":{"start":{"line":52,"column":24},"end":{"line":52,"column":71}},"40":{"start":{"line":53,"column":10},"end":{"line":58,"column":13}},"41":{"start":{"line":54,"column":12},"end":{"line":57,"column":13}},"42":{"start":{"line":55,"column":14},"end":{"line":55,"column":44}},"43":{"start":{"line":56,"column":14},"end":{"line":56,"column":67}},"44":{"start":{"line":62,"column":23},"end":{"line":62,"column":60}},"45":{"start":{"line":63,"column":6},"end":{"line":87,"column":9}},"46":{"start":{"line":64,"column":8},"end":{"line":86,"column":11}},"47":{"start":{"line":65,"column":10},"end":{"line":85,"column":11}},"48":{"start":{"line":66,"column":12},"end":{"line":66,"column":54}},"49":{"start":{"line":67,"column":12},"end":{"line":67,"column":30}},"50":{"start":{"line":68,"column":26},"end":{"line":68,"column":73}},"51":{"start":{"line":69,"column":12},"end":{"line":74,"column":15}},"52":{"start":{"line":70,"column":14},"end":{"line":73,"column":15}},"53":{"start":{"line":71,"column":16},"end":{"line":71,"column":38}},"54":{"start":{"line":72,"column":16},"end":{"line":72,"column":69}},"55":{"start":{"line":76,"column":12},"end":{"line":76,"column":57}},"56":{"start":{"line":77,"column":12},"end":{"line":77,"column":31}},"57":{"start":{"line":78,"column":26},"end":{"line":78,"column":73}},"58":{"start":{"line":79,"column":12},"end":{"line":84,"column":15}},"59":{"start":{"line":80,"column":14},"end":{"line":83,"column":15}},"60":{"start":{"line":81,"column":16},"end":{"line":81,"column":39}},"61":{"start":{"line":82,"column":16},"end":{"line":82,"column":69}},"62":{"start":{"line":90,"column":26},"end":{"line":93,"column":5}},"63":{"start":{"line":91,"column":20},"end":{"line":91,"column":67}},"64":{"start":{"line":92,"column":6},"end":{"line":92,"column":58}},"65":{"start":{"line":92,"column":30},"end":{"line":92,"column":56}},"66":{"start":{"line":95,"column":23},"end":{"line":99,"column":5}},"67":{"start":{"line":96,"column":19},"end":{"line":96,"column":50}},"68":{"start":{"line":97,"column":6},"end":{"line":97,"column":26}},"69":{"start":{"line":98,"column":6},"end":{"line":98,"column":30}},"70":{"start":{"line":101,"column":25},"end":{"line":114,"column":5}},"71":{"start":{"line":102,"column":20},"end":{"line":102,"column":39}},"72":{"start":{"line":103,"column":6},"end":{"line":113,"column":9}},"73":{"start":{"line":104,"column":8},"end":{"line":112,"column":9}},"74":{"start":{"line":105,"column":27},"end":{"line":105,"column":64}},"75":{"start":{"line":106,"column":10},"end":{"line":111,"column":13}},"76":{"start":{"line":107,"column":12},"end":{"line":110,"column":13}},"77":{"start":{"line":108,"column":14},"end":{"line":108,"column":56}},"78":{"start":{"line":109,"column":14},"end":{"line":109,"column":35}},"79":{"start":{"line":116,"column":24},"end":{"line":125,"column":5}},"80":{"start":{"line":118,"column":18},"end":{"line":118,"column":37}},"81":{"start":{"line":119,"column":6},"end":{"line":119,"column":66}},"82":{"start":{"line":119,"column":37},"end":{"line":119,"column":64}},"83":{"start":{"line":120,"column":6},"end":{"line":122,"column":9}},"84":{"start":{"line":121,"column":8},"end":{"line":121,"column":27}},"85":{"start":{"line":123,"column":6},"end":{"line":123,"column":59}},"86":{"start":{"line":124,"column":6},"end":{"line":124,"column":27}}},"fnMap":{"0":{"name":"(anonymous_0)","decl":{"start":{"line":2,"column":2},"end":{"line":2,"column":3}},"loc":{"start":{"line":2,"column":20},"end":{"line":5,"column":3}},"line":2},"1":{"name":"(anonymous_1)","decl":{"start":{"line":7,"column":2},"end":{"line":7,"column":3}},"loc":{"start":{"line":7,"column":23},"end":{"line":11,"column":3}},"line":7},"2":{"name":"(anonymous_2)","decl":{"start":{"line":13,"column":25},"end":{"line":13,"column":26}},"loc":{"start":{"line":13,"column":35},"end":{"line":88,"column":5}},"line":13},"3":{"name":"(anonymous_3)","decl":{"start":{"line":34,"column":45},"end":{"line":34,"column":46}},"loc":{"start":{"line":34,"column":51},"end":{"line":36,"column":7}},"line":34},"4":{"name":"(anonymous_4)","decl":{"start":{"line":39,"column":20},"end":{"line":39,"column":21}},"loc":{"start":{"line":39,"column":38},"end":{"line":60,"column":7}},"line":39},"5":{"name":"(anonymous_5)","decl":{"start":{"line":40,"column":39},"end":{"line":40,"column":40}},"loc":{"start":{"line":40,"column":45},"end":{"line":44,"column":9}},"line":40},"6":{"name":"(anonymous_6)","decl":{"start":{"line":45,"column":42},"end":{"line":45,"column":43}},"loc":{"start":{"line":45,"column":48},"end":{"line":49,"column":9}},"line":45},"7":{"name":"(anonymous_7)","decl":{"start":{"line":50,"column":40},"end":{"line":50,"column":41}},"loc":{"start":{"line":50,"column":46},"end":{"line":59,"column":9}},"line":50},"8":{"name":"(anonymous_8)","decl":{"start":{"line":53,"column":24},"end":{"line":53,"column":25}},"loc":{"start":{"line":53,"column":41},"end":{"line":58,"column":11}},"line":53},"9":{"name":"(anonymous_9)","decl":{"start":{"line":63,"column":23},"end":{"line":63,"column":24}},"loc":{"start":{"line":63,"column":42},"end":{"line":87,"column":7}},"line":63},"10":{"name":"(anonymous_10)","decl":{"start":{"line":64,"column":41},"end":{"line":64,"column":42}},"loc":{"start":{"line":64,"column":47},"end":{"line":86,"column":9}},"line":64},"11":{"name":"(anonymous_11)","decl":{"start":{"line":69,"column":26},"end":{"line":69,"column":27}},"loc":{"start":{"line":69,"column":43},"end":{"line":74,"column":13}},"line":69},"12":{"name":"(anonymous_12)","decl":{"start":{"line":79,"column":26},"end":{"line":79,"column":27}},"loc":{"start":{"line":79,"column":43},"end":{"line":84,"column":13}},"line":79},"13":{"name":"(anonymous_13)","decl":{"start":{"line":90,"column":26},"end":{"line":90,"column":27}},"loc":{"start":{"line":90,"column":32},"end":{"line":93,"column":5}},"line":90},"14":{"name":"(anonymous_14)","decl":{"start":{"line":92,"column":20},"end":{"line":92,"column":21}},"loc":{"start":{"line":92,"column":30},"end":{"line":92,"column":56}},"line":92},"15":{"name":"(anonymous_15)","decl":{"start":{"line":95,"column":23},"end":{"line":95,"column":24}},"loc":{"start":{"line":95,"column":29},"end":{"line":99,"column":5}},"line":95},"16":{"name":"(anonymous_16)","decl":{"start":{"line":101,"column":25},"end":{"line":101,"column":26}},"loc":{"start":{"line":101,"column":31},"end":{"line":114,"column":5}},"line":101},"17":{"name":"(anonymous_17)","decl":{"start":{"line":103,"column":20},"end":{"line":103,"column":21}},"loc":{"start":{"line":103,"column":37},"end":{"line":113,"column":7}},"line":103},"18":{"name":"(anonymous_18)","decl":{"start":{"line":106,"column":27},"end":{"line":106,"column":28}},"loc":{"start":{"line":106,"column":46},"end":{"line":111,"column":11}},"line":106},"19":{"name":"(anonymous_19)","decl":{"start":{"line":116,"column":24},"end":{"line":116,"column":25}},"loc":{"start":{"line":116,"column":38},"end":{"line":125,"column":5}},"line":116},"20":{"name":"(anonymous_20)","decl":{"start":{"line":119,"column":27},"end":{"line":119,"column":28}},"loc":{"start":{"line":119,"column":37},"end":{"line":119,"column":64}},"line":119},"21":{"name":"(anonymous_21)","decl":{"start":{"line":120,"column":20},"end":{"line":120,"column":21}},"loc":{"start":{"line":120,"column":37},"end":{"line":122,"column":7}},"line":120}},"branchMap":{"0":{"loc":{"start":{"line":3,"column":18},"end":{"line":3,"column":65}},"type":"binary-expr","locations":[{"start":{"line":3,"column":18},"end":{"line":3,"column":59}},{"start":{"line":3,"column":63},"end":{"line":3,"column":65}}],"line":3},"1":{"loc":{"start":{"line":52,"column":24},"end":{"line":52,"column":71}},"type":"binary-expr","locations":[{"start":{"line":52,"column":24},"end":{"line":52,"column":65}},{"start":{"line":52,"column":69},"end":{"line":52,"column":71}}],"line":52},"2":{"loc":{"start":{"line":54,"column":12},"end":{"line":57,"column":13}},"type":"if","locations":[{"start":{"line":54,"column":12},"end":{"line":57,"column":13}},{"start":{},"end":{}}],"line":54},"3":{"loc":{"start":{"line":65,"column":10},"end":{"line":85,"column":11}},"type":"if","locations":[{"start":{"line":65,"column":10},"end":{"line":85,"column":11}},{"start":{"line":75,"column":17},"end":{"line":85,"column":11}}],"line":65},"4":{"loc":{"start":{"line":68,"column":26},"end":{"line":68,"column":73}},"type":"binary-expr","locations":[{"start":{"line":68,"column":26},"end":{"line":68,"column":67}},{"start":{"line":68,"column":71},"end":{"line":68,"column":73}}],"line":68},"5":{"loc":{"start":{"line":70,"column":14},"end":{"line":73,"column":15}},"type":"if","locations":[{"start":{"line":70,"column":14},"end":{"line":73,"column":15}},{"start":{},"end":{}}],"line":70},"6":{"loc":{"start":{"line":78,"column":26},"end":{"line":78,"column":73}},"type":"binary-expr","locations":[{"start":{"line":78,"column":26},"end":{"line":78,"column":67}},{"start":{"line":78,"column":71},"end":{"line":78,"column":73}}],"line":78},"7":{"loc":{"start":{"line":80,"column":14},"end":{"line":83,"column":15}},"type":"if","locations":[{"start":{"line":80,"column":14},"end":{"line":83,"column":15}},{"start":{},"end":{}}],"line":80},"8":{"loc":{"start":{"line":91,"column":20},"end":{"line":91,"column":67}},"type":"binary-expr","locations":[{"start":{"line":91,"column":20},"end":{"line":91,"column":61}},{"start":{"line":91,"column":65},"end":{"line":91,"column":67}}],"line":91},"9":{"loc":{"start":{"line":104,"column":8},"end":{"line":112,"column":9}},"type":"if","locations":[{"start":{"line":104,"column":8},"end":{"line":112,"column":9}},{"start":{},"end":{}}],"line":104},"10":{"loc":{"start":{"line":107,"column":12},"end":{"line":110,"column":13}},"type":"if","locations":[{"start":{"line":107,"column":12},"end":{"line":110,"column":13}},{"start":{},"end":{}}],"line":107}},"s":{"0":1,"1":1,"2":0,"3":0,"4":0,"5":1,"6":1,"7":1,"8":1,"9":1,"10":1,"11":1,"12":1,"13":1,"14":1,"15":1,"16":1,"17":1,"18":1,"19":1,"20":1,"21":1,"22":1,"23":1,"24":1,"25":1,"26":0,"27":1,"28":1,"29":1,"30":0,"31":0,"32":0,"33":1,"34":0,"35":0,"36":0,"37":1,"38":0,"39":0,"40":0,"41":0,"42":0,"43":0,"44":1,"45":1,"46":1,"47":0,"48":0,"49":0,"50":0,"51":0,"52":0,"53":0,"54":0,"55":0,"56":0,"57":0,"58":0,"59":0,"60":0,"61":0,"62":1,"63":1,"64":1,"65":0,"66":1,"67":1,"68":1,"69":1,"70":1,"71":0,"72":0,"73":0,"74":0,"75":0,"76":0,"77":0,"78":0,"79":1,"80":1,"81":1,"82":0,"83":1,"84":0,"85":1,"86":1},"f":{"0":1,"1":0,"2":1,"3":0,"4":1,"5":0,"6":0,"7":0,"8":0,"9":1,"10":0,"11":0,"12":0,"13":1,"14":0,"15":1,"16":0,"17":0,"18":0,"19":1,"20":0,"21":0},"b":{"0":[1,1],"1":[0,0],"2":[0,0],"3":[0,0],"4":[0,0],"5":[0,0],"6":[0,0],"7":[0,0],"8":[1,0],"9":[0,0],"10":[0,0]},"_coverageSchema":"1a1c01bbd47fc00a2c39e90264f33305004495a9","hash":"fa717e0617704dd749a9cb64d352e1726e649ae6"}
}
