TN:
SF:src/modules/todolist.js
FN:2,(anonymous_0)
FN:7,(anonymous_1)
FN:13,(anonymous_2)
FN:15,(anonymous_3)
FN:23,(anonymous_4)
FN:28,(anonymous_5)
FN:38,(anonymous_6)
FN:47,(anonymous_7)
FN:68,(anonymous_8)
FN:73,(anonymous_9)
FN:74,(anonymous_10)
FN:79,(anonymous_11)
FN:84,(anonymous_12)
FN:91,(anonymous_13)
FN:92,(anonymous_14)
FN:98,(anonymous_15)
FN:100,(anonymous_16)
FN:103,(anonymous_17)
FN:109,(anonymous_18)
FN:111,(anonymous_19)
FN:114,(anonymous_20)
FN:124,(anonymous_21)
FN:126,(anonymous_22)
FN:127,(anonymous_23)
FN:135,(anonymous_24)
FN:137,(anonymous_25)
FN:143,(anonymous_26)
FN:144,(anonymous_27)
FNF:28
FNH:19
FNDA:11,(anonymous_0)
FNDA:6,(anonymous_1)
FNDA:1,(anonymous_2)
FNDA:2,(anonymous_3)
FNDA:1,(anonymous_4)
FNDA:4,(anonymous_5)
FNDA:0,(anonymous_6)
FNDA:4,(anonymous_7)
FNDA:0,(anonymous_8)
FNDA:5,(anonymous_9)
FNDA:0,(anonymous_10)
FNDA:0,(anonymous_11)
FNDA:0,(anonymous_12)
FNDA:5,(anonymous_13)
FNDA:0,(anonymous_14)
FNDA:2,(anonymous_15)
FNDA:1,(anonymous_16)
FNDA:2,(anonymous_17)
FNDA:1,(anonymous_18)
FNDA:0,(anonymous_19)
FNDA:0,(anonymous_20)
FNDA:1,(anonymous_21)
FNDA:1,(anonymous_22)
FNDA:0,(anonymous_23)
FNDA:1,(anonymous_24)
FNDA:2,(anonymous_25)
FNDA:2,(anonymous_26)
FNDA:1,(anonymous_27)
DA:3,11
DA:4,11
DA:8,6
DA:9,6
DA:10,6
DA:13,1
DA:14,1
DA:15,1
DA:16,2
DA:17,1
DA:18,1
DA:23,1
DA:24,1
DA:25,1
DA:26,1
DA:27,1
DA:28,1
DA:29,4
DA:30,1
DA:31,1
DA:35,0
DA:36,0
DA:37,0
DA:38,0
DA:39,0
DA:40,0
DA:41,0
DA:47,1
DA:48,4
DA:49,4
DA:50,4
DA:51,4
DA:52,4
DA:53,4
DA:54,4
DA:55,4
DA:56,4
DA:57,4
DA:59,4
DA:60,4
DA:61,4
DA:62,4
DA:63,4
DA:64,4
DA:65,4
DA:66,4
DA:68,4
DA:69,0
DA:72,4
DA:73,4
DA:74,5
DA:75,0
DA:76,0
DA:77,0
DA:79,5
DA:80,0
DA:81,0
DA:82,0
DA:84,5
DA:85,0
DA:86,0
DA:90,4
DA:91,4
DA:92,5
DA:93,0
DA:98,1
DA:99,2
DA:100,2
DA:103,1
DA:104,2
DA:105,2
DA:106,2
DA:109,1
DA:110,1
DA:111,1
DA:112,0
DA:113,0
DA:114,0
DA:115,0
DA:116,0
DA:117,0
DA:124,1
DA:125,1
DA:126,1
DA:127,1
DA:128,0
DA:130,1
DA:131,1
DA:132,1
DA:135,1
DA:136,1
DA:137,1
DA:138,2
DA:139,1
DA:142,1
DA:143,2
DA:144,1
DA:145,1
DA:147,1
DA:148,1
LF:100
LH:76
BRDA:3,0,0,11
BRDA:3,0,1,1
BRDA:14,1,0,1
BRDA:14,1,1,0
BRDA:16,2,0,1
BRDA:16,2,1,1
BRDA:24,3,0,1
BRDA:24,3,1,0
BRDA:27,4,0,1
BRDA:27,4,1,0
BRDA:29,5,0,1
BRDA:29,5,1,3
BRDA:37,6,0,0
BRDA:37,6,1,0
BRDA:39,7,0,0
BRDA:39,7,1,0
BRDA:99,8,0,2
BRDA:99,8,1,0
BRDA:112,9,0,0
BRDA:112,9,1,0
BRDA:115,10,0,0
BRDA:115,10,1,0
BRDA:125,11,0,1
BRDA:125,11,1,0
BRDA:138,12,0,1
BRDA:138,12,1,1
BRF:26
BRH:13
end_of_record
